Arguments: 
  C:\Program Files\nodejs\node.exe C:\Program Files (x86)\Yarn\bin\yarn.js add -D node-saas

PATH: 
  C:\Program Files\Common Files\Oracle\Java\javapath;C:\Program Files (x86)\Common Files\Oracle\Java\javapath;E:\ArquivosDePrograms\openjdk\jdk-14.0.1\bin;C:\Program Files\Microsoft MPI\Bin\;C:\WINDOWS\system32;C:\WINDOWS;C:\WINDOWS\System32\Wbem;C:\WINDOWS\System32\WindowsPowerShell\v1.0\;C:\Program Files (x86)\ATI Technologies\ATI.ACE\Core-Static;C:\WINDOWS\System32\OpenSSH\;C:\Program Files\dotnet\;C:\Program Files\Microsoft SQL Server\Client SDK\ODBC\170\Tools\Binn\;C:\Windows\Microsoft.NET\Framework64\v4.0.30319;C:\Program Files\Microsoft SQL Server\Client SDK\ODBC\130\Tools\Binn\;C:\Program Files (x86)\Microsoft SQL Server\140\Tools\Binn\;C:\Program Files\Microsoft SQL Server\140\Tools\Binn\;C:\Program Files\Microsoft SQL Server\140\DTS\Binn\;C:\Program Files (x86)\Microsoft SQL Server\140\DTS\Binn\;C:\ProgramData\chocolatey\bin;C:\Program Files (x86)\Microsoft SQL Server\150\Tools\Binn\;C:\Program Files\Microsoft SQL Server\150\Tools\Binn\;C:\Program Files\Microsoft SQL Server\150\DTS\Binn\;E:\ArquivosDePrograms\PuTTY\;C:\Program Files (x86)\Yarn\bin\;C:\Program Files (x86)\Microsoft SQL Server\150\DTS\Binn\;C:\Program Files\Microsoft SQL Server\130\Tools\Binn\;C:\gradle-6.7\bin;C:\apache-maven-3.6.3\bin;C:\Program Files (x86)\dotnet\;C:\Program Files\nodejs\;C:\Program Files\Git\cmd;C:\Users\Cliente\AppData\Local\Programs\Python\Python39\Scripts\;C:\Users\Cliente\AppData\Local\Programs\Python\Python39\;C:\Program Files\MySQL\MySQL Shell 8.0\bin\;C:\Users\Cliente\AppData\Local\Programs\Microsoft VS Code\bin;C:\Users\Cliente\AppData\Local\Yarn\bin;E:\ArquivosDePrograms\php-7.4.13-x64;;E:\ArquivosDePrograms\JetBrainsIntelliJ IDEA Community Edition 2020.3\IntelliJ IDEA Community Edition 2020.3\bin;;C:\Program Files\heroku\bin;C:\Users\Cliente\AppData\Roaming\npm;C:\Users\Cliente\.dotnet\tools;C:\Users\Cliente\AppData\Local\Microsoft\WindowsApps

Yarn version: 
  1.22.4

Node version: 
  14.15.5

Platform: 
  win32 x64

Trace: 
  Error: https://registry.yarnpkg.com/node-saas: Not found
      at Request.params.callback [as _callback] (C:\Program Files (x86)\Yarn\lib\cli.js:66096:18)
      at Request.self.callback (C:\Program Files (x86)\Yarn\lib\cli.js:140748:22)
      at Request.emit (events.js:315:20)
      at Request.<anonymous> (C:\Program Files (x86)\Yarn\lib\cli.js:141720:10)
      at Request.emit (events.js:315:20)
      at IncomingMessage.<anonymous> (C:\Program Files (x86)\Yarn\lib\cli.js:141642:12)
      at Object.onceWrapper (events.js:421:28)
      at IncomingMessage.emit (events.js:327:22)
      at endReadableNT (internal/streams/readable.js:1327:12)
      at processTicksAndRejections (internal/process/task_queues.js:80:21)

npm manifest: 
  {
    "name": "gamaacademy",
    "version": "1.0.0",
    "description": "Template FullJS",
    "main": "index.js",
    "scripts": {
      "test": "echo \"Error: no test specified\" && exit 1",
      "start": "sass --watch src/assets/sass/style.scss:src/css/style.css & webpack serve --open --config webpack.dev.js",
      "build": "node-sass src/assets/sass/style.scss > src/css/style.css && webpack --config webpack.prod.js"
    },
    "keywords": [],
    "author": "Douglas Morais",
    "license": "ISC",
    "dependencies": {
      "axios": "^0.21.1",
      "clean-webpack-plugin": "^3.0.0",
      "node-sass": "^5.0.0",
      "sweetalert2": "^10.15.5",
      "webpack": "^5.21.1",
      "webpack-dev-server": "^3.11.2",
      "webpack-merge": "^5.7.3"
    },
    "devDependencies": {
      "@babel/core": "^7.12.13",
      "@babel/polyfill": "^7.12.1",
      "babel-loader": "^8.2.2",
      "webpack-cli": "^4.5.0"
    }
  }

yarn manifest: 
  No manifest

Lockfile: 
  No lockfile
